{
  source: 'ErrorService',
  index: 0,
  code: 11000,
  keyPattern: { email: 1 },
  keyValue: { email: 'bayi1@test.com' },
  level: 'error',
  message: 'xxxx E11000 duplicate key error collection: e-isletmem.companies index: email_1 dup key: { email: "bayi1@test.com" }',
  stack: 'MongoServerError: E11000 duplicate key error collection: e-isletmem.companies index: email_1 dup key: { email: "bayi1@test.com" }\n' +
    '    at C:\\Users\\Lenovo\\Desktop\\cloned\\archimetCRM\\node_modules\\mongodb\\lib\\operations\\insert.js:50:33\n' +
    '    at C:\\Users\\Lenovo\\Desktop\\cloned\\archimetCRM\\node_modules\\mongodb\\lib\\operations\\command.js:84:64\n' +
    '    at process.processTicksAndRejections (node:internal/process/task_queues:95:5)',
  timestamp: '2024-04-19T20:05:52.562Z',
  [Symbol(errorLabels)]: Set(0) {}
}
{
  source: 'ErrorService',
  index: 0,
  code: 11000,
  keyPattern: { email: 1 },
  keyValue: { email: 'bayi1@test.com' },
  level: 'error',
  message: 'xxxx E11000 duplicate key error collection: e-isletmem.companies index: email_1 dup key: { email: "bayi1@test.com" }',
  stack: 'MongoServerError: E11000 duplicate key error collection: e-isletmem.companies index: email_1 dup key: { email: "bayi1@test.com" }\n' +
    '    at C:\\Users\\Lenovo\\Desktop\\cloned\\archimetCRM\\node_modules\\mongodb\\lib\\operations\\insert.js:50:33\n' +
    '    at C:\\Users\\Lenovo\\Desktop\\cloned\\archimetCRM\\node_modules\\mongodb\\lib\\operations\\command.js:84:64\n' +
    '    at process.processTicksAndRejections (node:internal/process/task_queues:95:5)',
  timestamp: '2024-04-19T20:06:47.551Z',
  [Symbol(errorLabels)]: Set(0) {}
}
{
  source: 'ErrorService',
  level: 'error',
  message: 'xxxx mmm is not defined',
  stack: 'ReferenceError: mmm is not defined\n' +
    '    at deneme (file:///C:/Users/Lenovo/Desktop/cloned/archimetCRM/controller/pageController.js:268:17)\n' +
    '    at Layer.handle [as handle_request] (C:\\Users\\Lenovo\\Desktop\\cloned\\archimetCRM\\node_modules\\express\\lib\\router\\layer.js:95:5)\n' +
    '    at next (C:\\Users\\Lenovo\\Desktop\\cloned\\archimetCRM\\node_modules\\express\\lib\\router\\route.js:149:13)\n' +
    '    at Route.dispatch (C:\\Users\\Lenovo\\Desktop\\cloned\\archimetCRM\\node_modules\\express\\lib\\router\\route.js:119:3)\n' +
    '    at Layer.handle [as handle_request] (C:\\Users\\Lenovo\\Desktop\\cloned\\archimetCRM\\node_modules\\express\\lib\\router\\layer.js:95:5)\n' +
    '    at C:\\Users\\Lenovo\\Desktop\\cloned\\archimetCRM\\node_modules\\express\\lib\\router\\index.js:284:15\n' +
    '    at Function.process_params (C:\\Users\\Lenovo\\Desktop\\cloned\\archimetCRM\\node_modules\\express\\lib\\router\\index.js:346:12)\n' +
    '    at next (C:\\Users\\Lenovo\\Desktop\\cloned\\archimetCRM\\node_modules\\express\\lib\\router\\index.js:280:10)\n' +
    '    at Function.handle (C:\\Users\\Lenovo\\Desktop\\cloned\\archimetCRM\\node_modules\\express\\lib\\router\\index.js:175:3)\n' +
    '    at router (C:\\Users\\Lenovo\\Desktop\\cloned\\archimetCRM\\node_modules\\express\\lib\\router\\index.js:47:12)',
  timestamp: '2024-04-20T12:19:56.534Z'
}
{
  source: 'ErrorService',
  level: 'error',
  message: 'xxxx mmm is not defined',
  stack: 'ReferenceError: mmm is not defined\n' +
    '    at deneme (file:///C:/Users/Lenovo/Desktop/cloned/archimetCRM/controller/pageController.js:268:17)\n' +
    '    at Layer.handle [as handle_request] (C:\\Users\\Lenovo\\Desktop\\cloned\\archimetCRM\\node_modules\\express\\lib\\router\\layer.js:95:5)\n' +
    '    at next (C:\\Users\\Lenovo\\Desktop\\cloned\\archimetCRM\\node_modules\\express\\lib\\router\\route.js:149:13)\n' +
    '    at Route.dispatch (C:\\Users\\Lenovo\\Desktop\\cloned\\archimetCRM\\node_modules\\express\\lib\\router\\route.js:119:3)\n' +
    '    at Layer.handle [as handle_request] (C:\\Users\\Lenovo\\Desktop\\cloned\\archimetCRM\\node_modules\\express\\lib\\router\\layer.js:95:5)\n' +
    '    at C:\\Users\\Lenovo\\Desktop\\cloned\\archimetCRM\\node_modules\\express\\lib\\router\\index.js:284:15\n' +
    '    at Function.process_params (C:\\Users\\Lenovo\\Desktop\\cloned\\archimetCRM\\node_modules\\express\\lib\\router\\index.js:346:12)\n' +
    '    at next (C:\\Users\\Lenovo\\Desktop\\cloned\\archimetCRM\\node_modules\\express\\lib\\router\\index.js:280:10)\n' +
    '    at Function.handle (C:\\Users\\Lenovo\\Desktop\\cloned\\archimetCRM\\node_modules\\express\\lib\\router\\index.js:175:3)\n' +
    '    at router (C:\\Users\\Lenovo\\Desktop\\cloned\\archimetCRM\\node_modules\\express\\lib\\router\\index.js:47:12)',
  timestamp: '2024-04-20T12:19:56.809Z'
}
{
  source: 'ErrorService',
  level: 'error',
  message: 'xxxx mmm is not defined',
  stack: 'ReferenceError: mmm is not defined\n' +
    '    at deneme (file:///C:/Users/Lenovo/Desktop/cloned/archimetCRM/controller/pageController.js:268:17)\n' +
    '    at Layer.handle [as handle_request] (C:\\Users\\Lenovo\\Desktop\\cloned\\archimetCRM\\node_modules\\express\\lib\\router\\layer.js:95:5)\n' +
    '    at next (C:\\Users\\Lenovo\\Desktop\\cloned\\archimetCRM\\node_modules\\express\\lib\\router\\route.js:149:13)\n' +
    '    at Route.dispatch (C:\\Users\\Lenovo\\Desktop\\cloned\\archimetCRM\\node_modules\\express\\lib\\router\\route.js:119:3)\n' +
    '    at Layer.handle [as handle_request] (C:\\Users\\Lenovo\\Desktop\\cloned\\archimetCRM\\node_modules\\express\\lib\\router\\layer.js:95:5)\n' +
    '    at C:\\Users\\Lenovo\\Desktop\\cloned\\archimetCRM\\node_modules\\express\\lib\\router\\index.js:284:15\n' +
    '    at Function.process_params (C:\\Users\\Lenovo\\Desktop\\cloned\\archimetCRM\\node_modules\\express\\lib\\router\\index.js:346:12)\n' +
    '    at next (C:\\Users\\Lenovo\\Desktop\\cloned\\archimetCRM\\node_modules\\express\\lib\\router\\index.js:280:10)\n' +
    '    at Function.handle (C:\\Users\\Lenovo\\Desktop\\cloned\\archimetCRM\\node_modules\\express\\lib\\router\\index.js:175:3)\n' +
    '    at router (C:\\Users\\Lenovo\\Desktop\\cloned\\archimetCRM\\node_modules\\express\\lib\\router\\index.js:47:12)',
  timestamp: '2024-04-20T12:19:57.990Z'
}
{
  source: 'ErrorService',
  level: 'error',
  message: 'xxxx mmm is not defined',
  stack: 'ReferenceError: mmm is not defined\n' +
    '    at deneme (file:///C:/Users/Lenovo/Desktop/cloned/archimetCRM/controller/pageController.js:268:17)\n' +
    '    at Layer.handle [as handle_request] (C:\\Users\\Lenovo\\Desktop\\cloned\\archimetCRM\\node_modules\\express\\lib\\router\\layer.js:95:5)\n' +
    '    at next (C:\\Users\\Lenovo\\Desktop\\cloned\\archimetCRM\\node_modules\\express\\lib\\router\\route.js:149:13)\n' +
    '    at Route.dispatch (C:\\Users\\Lenovo\\Desktop\\cloned\\archimetCRM\\node_modules\\express\\lib\\router\\route.js:119:3)\n' +
    '    at Layer.handle [as handle_request] (C:\\Users\\Lenovo\\Desktop\\cloned\\archimetCRM\\node_modules\\express\\lib\\router\\layer.js:95:5)\n' +
    '    at C:\\Users\\Lenovo\\Desktop\\cloned\\archimetCRM\\node_modules\\express\\lib\\router\\index.js:284:15\n' +
    '    at Function.process_params (C:\\Users\\Lenovo\\Desktop\\cloned\\archimetCRM\\node_modules\\express\\lib\\router\\index.js:346:12)\n' +
    '    at next (C:\\Users\\Lenovo\\Desktop\\cloned\\archimetCRM\\node_modules\\express\\lib\\router\\index.js:280:10)\n' +
    '    at Function.handle (C:\\Users\\Lenovo\\Desktop\\cloned\\archimetCRM\\node_modules\\express\\lib\\router\\index.js:175:3)\n' +
    '    at router (C:\\Users\\Lenovo\\Desktop\\cloned\\archimetCRM\\node_modules\\express\\lib\\router\\index.js:47:12)',
  timestamp: '2024-04-20T12:21:07.764Z'
}
{
  source: 'ErrorService',
  level: 'error',
  message: 'xxxx mmm is not defined',
  stack: 'ReferenceError: mmm is not defined\n' +
    '    at deneme (file:///C:/Users/Lenovo/Desktop/cloned/archimetCRM/controller/pageController.js:268:17)\n' +
    '    at Layer.handle [as handle_request] (C:\\Users\\Lenovo\\Desktop\\cloned\\archimetCRM\\node_modules\\express\\lib\\router\\layer.js:95:5)\n' +
    '    at next (C:\\Users\\Lenovo\\Desktop\\cloned\\archimetCRM\\node_modules\\express\\lib\\router\\route.js:149:13)\n' +
    '    at Route.dispatch (C:\\Users\\Lenovo\\Desktop\\cloned\\archimetCRM\\node_modules\\express\\lib\\router\\route.js:119:3)\n' +
    '    at Layer.handle [as handle_request] (C:\\Users\\Lenovo\\Desktop\\cloned\\archimetCRM\\node_modules\\express\\lib\\router\\layer.js:95:5)\n' +
    '    at C:\\Users\\Lenovo\\Desktop\\cloned\\archimetCRM\\node_modules\\express\\lib\\router\\index.js:284:15\n' +
    '    at Function.process_params (C:\\Users\\Lenovo\\Desktop\\cloned\\archimetCRM\\node_modules\\express\\lib\\router\\index.js:346:12)\n' +
    '    at next (C:\\Users\\Lenovo\\Desktop\\cloned\\archimetCRM\\node_modules\\express\\lib\\router\\index.js:280:10)\n' +
    '    at Function.handle (C:\\Users\\Lenovo\\Desktop\\cloned\\archimetCRM\\node_modules\\express\\lib\\router\\index.js:175:3)\n' +
    '    at router (C:\\Users\\Lenovo\\Desktop\\cloned\\archimetCRM\\node_modules\\express\\lib\\router\\index.js:47:12)',
  timestamp: '2024-04-20T12:21:08.026Z'
}
{
  source: 'ErrorService',
  level: 'error',
  message: 'xxxx mmm is not defined',
  stack: 'ReferenceError: mmm is not defined\n' +
    '    at deneme (file:///C:/Users/Lenovo/Desktop/cloned/archimetCRM/controller/pageController.js:268:17)\n' +
    '    at Layer.handle [as handle_request] (C:\\Users\\Lenovo\\Desktop\\cloned\\archimetCRM\\node_modules\\express\\lib\\router\\layer.js:95:5)\n' +
    '    at next (C:\\Users\\Lenovo\\Desktop\\cloned\\archimetCRM\\node_modules\\express\\lib\\router\\route.js:149:13)\n' +
    '    at Route.dispatch (C:\\Users\\Lenovo\\Desktop\\cloned\\archimetCRM\\node_modules\\express\\lib\\router\\route.js:119:3)\n' +
    '    at Layer.handle [as handle_request] (C:\\Users\\Lenovo\\Desktop\\cloned\\archimetCRM\\node_modules\\express\\lib\\router\\layer.js:95:5)\n' +
    '    at C:\\Users\\Lenovo\\Desktop\\cloned\\archimetCRM\\node_modules\\express\\lib\\router\\index.js:284:15\n' +
    '    at Function.process_params (C:\\Users\\Lenovo\\Desktop\\cloned\\archimetCRM\\node_modules\\express\\lib\\router\\index.js:346:12)\n' +
    '    at next (C:\\Users\\Lenovo\\Desktop\\cloned\\archimetCRM\\node_modules\\express\\lib\\router\\index.js:280:10)\n' +
    '    at Function.handle (C:\\Users\\Lenovo\\Desktop\\cloned\\archimetCRM\\node_modules\\express\\lib\\router\\index.js:175:3)\n' +
    '    at router (C:\\Users\\Lenovo\\Desktop\\cloned\\archimetCRM\\node_modules\\express\\lib\\router\\index.js:47:12)',
  timestamp: '2024-04-20T12:21:09.201Z'
}
{
  source: 'ErrorService',
  level: 'error',
  message: 'xxxx mmm is not defined',
  stack: 'ReferenceError: mmm is not defined\n' +
    '    at getEmployeesPage (file:///C:/Users/Lenovo/Desktop/cloned/archimetCRM/controller/pageController.js:279:17)\n' +
    '    at Layer.handle [as handle_request] (C:\\Users\\Lenovo\\Desktop\\cloned\\archimetCRM\\node_modules\\express\\lib\\router\\layer.js:95:5)\n' +
    '    at next (C:\\Users\\Lenovo\\Desktop\\cloned\\archimetCRM\\node_modules\\express\\lib\\router\\route.js:149:13)\n' +
    '    at Route.dispatch (C:\\Users\\Lenovo\\Desktop\\cloned\\archimetCRM\\node_modules\\express\\lib\\router\\route.js:119:3)\n' +
    '    at Layer.handle [as handle_request] (C:\\Users\\Lenovo\\Desktop\\cloned\\archimetCRM\\node_modules\\express\\lib\\router\\layer.js:95:5)\n' +
    '    at C:\\Users\\Lenovo\\Desktop\\cloned\\archimetCRM\\node_modules\\express\\lib\\router\\index.js:284:15\n' +
    '    at Function.process_params (C:\\Users\\Lenovo\\Desktop\\cloned\\archimetCRM\\node_modules\\express\\lib\\router\\index.js:346:12)\n' +
    '    at next (C:\\Users\\Lenovo\\Desktop\\cloned\\archimetCRM\\node_modules\\express\\lib\\router\\index.js:280:10)\n' +
    '    at Function.handle (C:\\Users\\Lenovo\\Desktop\\cloned\\archimetCRM\\node_modules\\express\\lib\\router\\index.js:175:3)\n' +
    '    at router (C:\\Users\\Lenovo\\Desktop\\cloned\\archimetCRM\\node_modules\\express\\lib\\router\\index.js:47:12)',
  timestamp: '2024-04-20T12:31:48.850Z'
}
{
  source: 'ErrorService',
  level: 'error',
  message: 'xxxx mmm is not defined',
  stack: 'ReferenceError: mmm is not defined\n' +
    '    at getEmployeesPage (file:///C:/Users/Lenovo/Desktop/cloned/archimetCRM/controller/pageController.js:279:17)\n' +
    '    at Layer.handle [as handle_request] (C:\\Users\\Lenovo\\Desktop\\cloned\\archimetCRM\\node_modules\\express\\lib\\router\\layer.js:95:5)\n' +
    '    at next (C:\\Users\\Lenovo\\Desktop\\cloned\\archimetCRM\\node_modules\\express\\lib\\router\\route.js:149:13)\n' +
    '    at Route.dispatch (C:\\Users\\Lenovo\\Desktop\\cloned\\archimetCRM\\node_modules\\express\\lib\\router\\route.js:119:3)\n' +
    '    at Layer.handle [as handle_request] (C:\\Users\\Lenovo\\Desktop\\cloned\\archimetCRM\\node_modules\\express\\lib\\router\\layer.js:95:5)\n' +
    '    at C:\\Users\\Lenovo\\Desktop\\cloned\\archimetCRM\\node_modules\\express\\lib\\router\\index.js:284:15\n' +
    '    at Function.process_params (C:\\Users\\Lenovo\\Desktop\\cloned\\archimetCRM\\node_modules\\express\\lib\\router\\index.js:346:12)\n' +
    '    at next (C:\\Users\\Lenovo\\Desktop\\cloned\\archimetCRM\\node_modules\\express\\lib\\router\\index.js:280:10)\n' +
    '    at Function.handle (C:\\Users\\Lenovo\\Desktop\\cloned\\archimetCRM\\node_modules\\express\\lib\\router\\index.js:175:3)\n' +
    '    at router (C:\\Users\\Lenovo\\Desktop\\cloned\\archimetCRM\\node_modules\\express\\lib\\router\\index.js:47:12)',
  timestamp: '2024-04-20T12:31:49.118Z'
}
{
  source: 'ErrorService',
  level: 'error',
  message: 'xxxx mmm is not defined',
  stack: 'ReferenceError: mmm is not defined\n' +
    '    at getEmployeesPage (file:///C:/Users/Lenovo/Desktop/cloned/archimetCRM/controller/pageController.js:279:17)\n' +
    '    at Layer.handle [as handle_request] (C:\\Users\\Lenovo\\Desktop\\cloned\\archimetCRM\\node_modules\\express\\lib\\router\\layer.js:95:5)\n' +
    '    at next (C:\\Users\\Lenovo\\Desktop\\cloned\\archimetCRM\\node_modules\\express\\lib\\router\\route.js:149:13)\n' +
    '    at Route.dispatch (C:\\Users\\Lenovo\\Desktop\\cloned\\archimetCRM\\node_modules\\express\\lib\\router\\route.js:119:3)\n' +
    '    at Layer.handle [as handle_request] (C:\\Users\\Lenovo\\Desktop\\cloned\\archimetCRM\\node_modules\\express\\lib\\router\\layer.js:95:5)\n' +
    '    at C:\\Users\\Lenovo\\Desktop\\cloned\\archimetCRM\\node_modules\\express\\lib\\router\\index.js:284:15\n' +
    '    at Function.process_params (C:\\Users\\Lenovo\\Desktop\\cloned\\archimetCRM\\node_modules\\express\\lib\\router\\index.js:346:12)\n' +
    '    at next (C:\\Users\\Lenovo\\Desktop\\cloned\\archimetCRM\\node_modules\\express\\lib\\router\\index.js:280:10)\n' +
    '    at Function.handle (C:\\Users\\Lenovo\\Desktop\\cloned\\archimetCRM\\node_modules\\express\\lib\\router\\index.js:175:3)\n' +
    '    at router (C:\\Users\\Lenovo\\Desktop\\cloned\\archimetCRM\\node_modules\\express\\lib\\router\\index.js:47:12)',
  timestamp: '2024-04-20T12:31:50.290Z'
}
